<?xml version="1.0" encoding="UTF-8"?>
<testsuites name="SEF Test Suite-1" time="65.034" tests="1" failures="0" errors="0">
   <testsuite name="SEF Test Suite-1" tests="1" failures="0" errors="0" time="65.034" timestamp="2020-11-30 10:32:08" hostname="KanakaDwaraKanath - DWARAKANATHPC10.usc.ao.dcn" id="Test Suites/SEF Test Suite-1">
      <properties>
         <property name="deviceName" value=""/>
         <property name="devicePlatform" value=""/>
         <property name="logFolder" value="C:\\Katalon\\KatalonGitTestRepo1\\Reports\\20201130_103204\\SEF Test Suite-1\\20201130_103204"/>
         <property name="logFiles" value="C:\\Katalon\\KatalonGitTestRepo1\\Reports\\20201130_103204\\SEF Test Suite-1\\20201130_103204\\execution0.log"/>
         <property name="attachments" value="C:\\Katalon\\KatalonGitTestRepo1\\Reports\\20201130_103204\\SEF Test Suite-1\\20201130_103204\\C:/Katalon/KatalonGitTestRepo1/Reports/Screenshots/Demo.png"/>
         <property name="hostName" value="KanakaDwaraKanath - DWARAKANATHPC10.usc.ao.dcn"/>
         <property name="os" value="Windows 10 64bit"/>
         <property name="katalonVersion" value="7.7.2.205"/>
         <property name="browser" value="Edge Chromiume 18"/>
         <property name="hostAddress" value="10.222.192.207"/>
         <property name="sessionId" value="D525650C-60A9-4AC4-843D-F22DC6C8F91F"/>
         <property name="seleniumVersion" value="3.141.59"/>
         <property name="proxyInformation" value="ProxyInformation { proxyOption=NO_PROXY, proxyServerType=HTTP, username=, password=********, proxyServerAddress=, proxyServerPort=0, executionList=&quot;&quot;, isApplyToDesiredCapabilities=true }"/>
         <property name="platform" value="Windows 10"/>
      </properties>
      <testcase name="Test Cases/Home Page Test Case" time="45.375" classname="Test Cases/Home Page Test Case" status="PASSED">
         <system-out><![CDATA[2020-11-30 10:32:08 - [TEST_CASE][PASSED] - Test Cases/Home Page Test Case: Test Cases/Home Page Test Case

2020-11-30 10:32:09 - [TEST_STEP][PASSED] - openBrowser("http://sefdev.jdc.ao.dcn:8181/sef/#/login"): Browser is opened with url: 'http://sefdev.jdc.ao.dcn:8181/sef/#/login'

2020-11-30 10:32:09 - [MESSAGE][INFO] - Starting 'Edge' driver

2020-11-30 10:32:10 - [MESSAGE][INFO] - Action delay is set to 0 milliseconds

2020-11-30 10:32:20 - [MESSAGE][PASSED] - Browser is opened with url: 'http://sefdev.jdc.ao.dcn:8181/sef/#/login'

2020-11-30 10:32:20 - [TEST_STEP][PASSED] - setText(findTestObject("Login Page/UserIDTextbox"), "TESTA"): Text 'TESTA' is set on object 'Object Repository/Login Page/UserIDTextbox'

2020-11-30 10:32:21 - [MESSAGE][PASSED] - Text 'TESTA' is set on object 'Object Repository/Login Page/UserIDTextbox'

2020-11-30 10:32:21 - [TEST_STEP][PASSED] - setText(findTestObject("Login Page/PasswordTextbox"), "testing"): Text 'testing' is set on object 'Object Repository/Login Page/PasswordTextbox'

2020-11-30 10:32:22 - [MESSAGE][PASSED] - Text 'testing' is set on object 'Object Repository/Login Page/PasswordTextbox'

2020-11-30 10:32:22 - [TEST_STEP][PASSED] - click(findTestObject("Login Page/LoginButton")): Object: 'Object Repository/Login Page/LoginButton' is clicked on

2020-11-30 10:32:22 - [MESSAGE][PASSED] - Object: 'Object Repository/Login Page/LoginButton' is clicked on

2020-11-30 10:32:22 - [TEST_STEP][PASSED] - waitForPageLoad(10): Wait for page load successfully

2020-11-30 10:32:23 - [MESSAGE][PASSED] - Wait for page load successfully

2020-11-30 10:32:23 - [TEST_STEP][PASSED] - takeScreenshot("C:/Katalon/KatalonGitTestRepo1/Reports/Screenshots/Demo.png"): Taking screenshot successfully

2020-11-30 10:32:23 - [MESSAGE][PASSED] - Taking screenshot successfully
[[ATTACHMENT|C:\\Katalon\\KatalonGitTestRepo1\\Reports\\20201130_103204\\SEF Test Suite-1\\20201130_103204\\C:/Katalon/KatalonGitTestRepo1/Reports/Screenshots/Demo.png]]

2020-11-30 10:32:23 - [TEST_STEP][PASSED] - verifyElementText(findTestObject("Object Repository/Home Page/SEF Title"), "Statistics Electronic Forms (SEF)"): Actual text and expected text of test object 'Object Repository/Home Page/SEF Title' are matched.

2020-11-30 10:32:23 - [MESSAGE][PASSED] - Actual text and expected text of test object 'Object Repository/Home Page/SEF Title' are matched.

2020-11-30 10:32:23 - [TEST_STEP][PASSED] - verifyElementText(findTestObject("Object Repository/Home Page/Court of Appeals/Court of Appeals"), "Courts of Appeals"): Actual text and expected text of test object 'Object Repository/Home Page/Court of Appeals/Court of Appeals' are matched.

2020-11-30 10:32:24 - [MESSAGE][PASSED] - Actual text and expected text of test object 'Object Repository/Home Page/Court of Appeals/Court of Appeals' are matched.

2020-11-30 10:32:24 - [TEST_STEP][PASSED] - click(findTestObject("Object Repository/Home Page/Help Link")): Object: 'Object Repository/Home Page/Help Link' is clicked on

2020-11-30 10:32:25 - [MESSAGE][PASSED] - Object: 'Object Repository/Home Page/Help Link' is clicked on

2020-11-30 10:32:25 - [TEST_STEP][PASSED] - click(findTestObject("Object Repository/Home Page/Refresh Link")): Object: 'Object Repository/Home Page/Refresh Link' is clicked on

2020-11-30 10:32:26 - [MESSAGE][PASSED] - Object: 'Object Repository/Home Page/Refresh Link' is clicked on

2020-11-30 10:32:26 - [TEST_STEP][PASSED] - click(findTestObject("Object Repository/Home Page/Blank Worksheet/JS-11")): Object: 'Object Repository/Home Page/Blank Worksheet/JS-11' is clicked on

2020-11-30 10:32:27 - [MESSAGE][PASSED] - Object: 'Object Repository/Home Page/Blank Worksheet/JS-11' is clicked on

2020-11-30 10:32:27 - [TEST_STEP][PASSED] - click(findTestObject("Object Repository/Home Page/Blank Worksheet/JS-11G")): Object: 'Object Repository/Home Page/Blank Worksheet/JS-11G' is clicked on

2020-11-30 10:32:30 - [MESSAGE][PASSED] - Object: 'Object Repository/Home Page/Blank Worksheet/JS-11G' is clicked on

2020-11-30 10:32:30 - [TEST_STEP][PASSED] - click(findTestObject("Object Repository/Home Page/Blank Worksheet/JS-30")): Object: 'Object Repository/Home Page/Blank Worksheet/JS-30' is clicked on

2020-11-30 10:32:32 - [MESSAGE][PASSED] - Object: 'Object Repository/Home Page/Blank Worksheet/JS-30' is clicked on

2020-11-30 10:32:32 - [TEST_STEP][PASSED] - click(findTestObject("Object Repository/Home Page/Blank Worksheet/JS-31")): Object: 'Object Repository/Home Page/Blank Worksheet/JS-31' is clicked on

2020-11-30 10:32:34 - [MESSAGE][PASSED] - Object: 'Object Repository/Home Page/Blank Worksheet/JS-31' is clicked on

2020-11-30 10:32:34 - [TEST_STEP][PASSED] - click(findTestObject("Object Repository/Home Page/Blank Worksheet/JS-46")): Object: 'Object Repository/Home Page/Blank Worksheet/JS-46' is clicked on

2020-11-30 10:32:36 - [MESSAGE][PASSED] - Object: 'Object Repository/Home Page/Blank Worksheet/JS-46' is clicked on

2020-11-30 10:32:36 - [TEST_STEP][PASSED] - click(findTestObject("Object Repository/Home Page/Blank Worksheet/B-102")): Object: 'Object Repository/Home Page/Blank Worksheet/B-102' is clicked on

2020-11-30 10:32:40 - [MESSAGE][PASSED] - Object: 'Object Repository/Home Page/Blank Worksheet/B-102' is clicked on

2020-11-30 10:32:40 - [TEST_STEP][PASSED] - click(findTestObject("Home Page/Court of Appeals/Appeals Monthly Summary (JS-30)")): Object: 'Object Repository/Home Page/Court of Appeals/Appeals Monthly Summary (JS-30)' is clicked on

2020-11-30 10:32:40 - [MESSAGE][PASSED] - Object: 'Object Repository/Home Page/Court of Appeals/Appeals Monthly Summary (JS-30)' is clicked on

2020-11-30 10:32:40 - [TEST_STEP][PASSED] - click(findTestObject("Object Repository/Home Page/Court of Appeals/Home icon")): Object: 'Object Repository/Home Page/Court of Appeals/Home icon' is clicked on

2020-11-30 10:32:41 - [MESSAGE][PASSED] - Object: 'Object Repository/Home Page/Court of Appeals/Home icon' is clicked on

2020-11-30 10:32:41 - [TEST_STEP][PASSED] - click(findTestObject("Home Page/Court of Appeals/Writs of Certiorari (JS-31)")): Object: 'Object Repository/Home Page/Court of Appeals/Writs of Certiorari (JS-31)' is clicked on

2020-11-30 10:32:42 - [MESSAGE][PASSED] - Object: 'Object Repository/Home Page/Court of Appeals/Writs of Certiorari (JS-31)' is clicked on

2020-11-30 10:32:42 - [TEST_STEP][PASSED] - click(findTestObject("Object Repository/Home Page/Court of Appeals/Home icon")): Object: 'Object Repository/Home Page/Court of Appeals/Home icon' is clicked on

2020-11-30 10:32:42 - [MESSAGE][PASSED] - Object: 'Object Repository/Home Page/Court of Appeals/Home icon' is clicked on

2020-11-30 10:32:43 - [TEST_STEP][PASSED] - click(findTestObject("Home Page/Court of Appeals/Report on Complaint Under Title 28 USC Section 351-364 (JS-60)")): Object: 'Object Repository/Home Page/Court of Appeals/Report on Complaint Under Title 28 USC Section 351-364 (JS-60)' is clicked on

2020-11-30 10:32:43 - [MESSAGE][PASSED] - Object: 'Object Repository/Home Page/Court of Appeals/Report on Complaint Under Title 28 USC Section 351-364 (JS-60)' is clicked on

2020-11-30 10:32:43 - [TEST_STEP][PASSED] - click(findTestObject("Object Repository/Home Page/Court of Appeals/Home icon")): Object: 'Object Repository/Home Page/Court of Appeals/Home icon' is clicked on

2020-11-30 10:32:44 - [MESSAGE][PASSED] - Object: 'Object Repository/Home Page/Court of Appeals/Home icon' is clicked on

2020-11-30 10:32:44 - [TEST_STEP][PASSED] - click(findTestObject("Home Page/District Courts/District Courts- Petit Jury (JS-11)")): Object: 'Object Repository/Home Page/District Courts/District Courts- Petit Jury (JS-11)' is clicked on

2020-11-30 10:32:44 - [MESSAGE][PASSED] - Object: 'Object Repository/Home Page/District Courts/District Courts- Petit Jury (JS-11)' is clicked on

2020-11-30 10:32:44 - [TEST_STEP][PASSED] - click(findTestObject("Object Repository/Home Page/Court of Appeals/Home icon")): Object: 'Object Repository/Home Page/Court of Appeals/Home icon' is clicked on

2020-11-30 10:32:45 - [MESSAGE][PASSED] - Object: 'Object Repository/Home Page/Court of Appeals/Home icon' is clicked on

2020-11-30 10:32:45 - [TEST_STEP][PASSED] - click(findTestObject("Home Page/District Courts/District Courts- Grand Jury (JS-11G)")): Object: 'Object Repository/Home Page/District Courts/District Courts- Grand Jury (JS-11G)' is clicked on

2020-11-30 10:32:45 - [MESSAGE][PASSED] - Object: 'Object Repository/Home Page/District Courts/District Courts- Grand Jury (JS-11G)' is clicked on

2020-11-30 10:32:45 - [TEST_STEP][PASSED] - click(findTestObject("Object Repository/Home Page/Court of Appeals/Home icon")): Object: 'Object Repository/Home Page/Court of Appeals/Home icon' is clicked on

2020-11-30 10:32:46 - [MESSAGE][PASSED] - Object: 'Object Repository/Home Page/Court of Appeals/Home icon' is clicked on

2020-11-30 10:32:46 - [TEST_STEP][PASSED] - click(findTestObject("Home Page/District Courts/District Courts- Three-Judge Court (JS-46)")): Object: 'Object Repository/Home Page/District Courts/District Courts- Three-Judge Court (JS-46)' is clicked on

2020-11-30 10:32:47 - [MESSAGE][PASSED] - Object: 'Object Repository/Home Page/District Courts/District Courts- Three-Judge Court (JS-46)' is clicked on

2020-11-30 10:32:47 - [TEST_STEP][PASSED] - click(findTestObject("Object Repository/Home Page/Court of Appeals/Home icon")): Object: 'Object Repository/Home Page/Court of Appeals/Home icon' is clicked on

2020-11-30 10:32:47 - [MESSAGE][PASSED] - Object: 'Object Repository/Home Page/Court of Appeals/Home icon' is clicked on

2020-11-30 10:32:47 - [TEST_STEP][PASSED] - click(findTestObject("Home Page/Bankruptcy/Bankruptcy Court Trials (B-102)")): Object: 'Object Repository/Home Page/Bankruptcy/Bankruptcy Court Trials (B-102)' is clicked on

2020-11-30 10:32:48 - [MESSAGE][PASSED] - Object: 'Object Repository/Home Page/Bankruptcy/Bankruptcy Court Trials (B-102)' is clicked on

2020-11-30 10:32:49 - [TEST_STEP][PASSED] - click(findTestObject("Object Repository/Home Page/Court of Appeals/Home icon")): Object: 'Object Repository/Home Page/Court of Appeals/Home icon' is clicked on

2020-11-30 10:32:49 - [MESSAGE][PASSED] - Object: 'Object Repository/Home Page/Court of Appeals/Home icon' is clicked on

2020-11-30 10:32:49 - [TEST_STEP][PASSED] - click(findTestObject("Object Repository/Home Page/Footer Link")): Object: 'Object Repository/Home Page/Footer Link' is clicked on

2020-11-30 10:32:49 - [MESSAGE][PASSED] - Object: 'Object Repository/Home Page/Footer Link' is clicked on

2020-11-30 10:32:49 - [TEST_STEP][PASSED] - click(findTestObject("Object Repository/Home Page/Logout Link")): Object: 'Object Repository/Home Page/Logout Link' is clicked on

2020-11-30 10:32:50 - [MESSAGE][PASSED] - Object: 'Object Repository/Home Page/Logout Link' is clicked on

2020-11-30 10:32:50 - [TEST_STEP][PASSED] - closeBrowser(): Browser is closed

2020-11-30 10:32:54 - [MESSAGE][PASSED] - Browser is closed]]></system-out>
         <system-err><![CDATA[]]></system-err>
      </testcase>
      <system-out><![CDATA[2020-11-30 10:32:08 - [TEST_SUITE][PASSED] - SEF Test Suite-1: Test Cases/Home Page Test Case]]></system-out>
      <system-err><![CDATA[]]></system-err>
   </testsuite>
</testsuites>
