<?xml version="1.0" encoding="UTF-8"?>
<testsuites name="SEF Test Suite-1" time="42.183" tests="2" failures="0" errors="0">
   <testsuite name="SEF Test Suite-1" tests="2" failures="0" errors="0" time="42.183" timestamp="2020-11-30 16:50:15" hostname="KanakaDwaraKanath - DWARAKANATHPC10.usc.ao.dcn" id="Test Suites/SEF Test Suite-1">
      <properties>
         <property name="deviceName" value=""/>
         <property name="devicePlatform" value=""/>
         <property name="logFolder" value="C:\\Katalon\\KatalonGitTestRepo1\\Reports\\20201130_165011\\SEF Test Suite-1\\20201130_165012"/>
         <property name="logFiles" value="C:\\Katalon\\KatalonGitTestRepo1\\Reports\\20201130_165011\\SEF Test Suite-1\\20201130_165012\\execution0.log"/>
         <property name="attachments" value="C:\\Katalon\\KatalonGitTestRepo1\\Reports\\20201130_165011\\SEF Test Suite-1\\20201130_165012\\C:/Katalon/KatalonGitTestRepo1/Reports/Screenshots/LoginPageErrorMessage.png, C:\\Katalon\\KatalonGitTestRepo1\\Reports\\20201130_165011\\SEF Test Suite-1\\20201130_165012\\C:/Katalon/KatalonGitTestRepo1/Reports/Screenshots/Login_Page.png, C:\\Katalon\\KatalonGitTestRepo1\\Reports\\20201130_165011\\SEF Test Suite-1\\20201130_165012\\C:/Katalon/KatalonGitTestRepo1/Reports/Screenshots/Homepage.png, C:\\Katalon\\KatalonGitTestRepo1\\Reports\\20201130_165011\\SEF Test Suite-1\\20201130_165012\\C:/Katalon/KatalonGitTestRepo1/Reports/Screenshots/UserAdminPage.png"/>
         <property name="hostName" value="KanakaDwaraKanath - DWARAKANATHPC10.usc.ao.dcn"/>
         <property name="os" value="Windows 10 64bit"/>
         <property name="katalonVersion" value="7.7.2.205"/>
         <property name="browser" value="Chrome 87.0.4280.66"/>
         <property name="hostAddress" value="10.222.192.207"/>
         <property name="sessionId" value="af1fb37811fb115b5635de86711fc99b"/>
         <property name="seleniumVersion" value="3.141.59"/>
         <property name="proxyInformation" value="ProxyInformation { proxyOption=NO_PROXY, proxyServerType=HTTP, username=, password=********, proxyServerAddress=, proxyServerPort=0, executionList=&quot;&quot;, isApplyToDesiredCapabilities=true }"/>
         <property name="platform" value="Windows 10"/>
      </properties>
      <testcase name="Test Cases/Negative Scenario- Login Page Test Case" time="13.06" classname="Test Cases/Negative Scenario- Login Page Test Case" status="PASSED">
         <system-out><![CDATA[2020-11-30 16:50:16 - [TEST_CASE][PASSED] - Test Cases/Negative Scenario- Login Page Test Case: Test Cases/Negative Scenario- Login Page Test Case

2020-11-30 16:50:16 - [TEST_STEP][PASSED] - openBrowser("http://sefdev.jdc.ao.dcn:8181/sef/#/login"): Browser is opened with url: 'http://sefdev.jdc.ao.dcn:8181/sef/#/login'

2020-11-30 16:50:16 - [MESSAGE][INFO] - Starting 'Chrome' driver

2020-11-30 16:50:16 - [MESSAGE][INFO] - User set preference: ['useAutomationExtension', 'false']

2020-11-30 16:50:16 - [MESSAGE][INFO] - Action delay is set to 0 milliseconds

2020-11-30 16:50:25 - [MESSAGE][PASSED] - Browser is opened with url: 'http://sefdev.jdc.ao.dcn:8181/sef/#/login'

2020-11-30 16:50:25 - [TEST_STEP][PASSED] - setText(findTestObject("Login Page/UserIDTextbox"), "test"): Text 'test' is set on object 'Object Repository/Login Page/UserIDTextbox'

2020-11-30 16:50:25 - [MESSAGE][PASSED] - Text 'test' is set on object 'Object Repository/Login Page/UserIDTextbox'

2020-11-30 16:50:25 - [TEST_STEP][PASSED] - click(findTestObject("Login Page/ClearButton")): Object: 'Object Repository/Login Page/ClearButton' is clicked on

2020-11-30 16:50:25 - [MESSAGE][PASSED] - Object: 'Object Repository/Login Page/ClearButton' is clicked on

2020-11-30 16:50:26 - [TEST_STEP][PASSED] - setText(findTestObject("Login Page/UserIDTextbox"), "TEST"): Text 'TEST' is set on object 'Object Repository/Login Page/UserIDTextbox'

2020-11-30 16:50:26 - [MESSAGE][PASSED] - Text 'TEST' is set on object 'Object Repository/Login Page/UserIDTextbox'

2020-11-30 16:50:26 - [TEST_STEP][PASSED] - setText(findTestObject("Login Page/PasswordTextbox"), "testing"): Text 'testing' is set on object 'Object Repository/Login Page/PasswordTextbox'

2020-11-30 16:50:26 - [MESSAGE][PASSED] - Text 'testing' is set on object 'Object Repository/Login Page/PasswordTextbox'

2020-11-30 16:50:26 - [TEST_STEP][PASSED] - click(findTestObject("Login Page/ClearButton")): Object: 'Object Repository/Login Page/ClearButton' is clicked on

2020-11-30 16:50:26 - [MESSAGE][PASSED] - Object: 'Object Repository/Login Page/ClearButton' is clicked on

2020-11-30 16:50:26 - [TEST_STEP][PASSED] - setText(findTestObject("Login Page/UserIDTextbox"), "TEST"): Text 'TEST' is set on object 'Object Repository/Login Page/UserIDTextbox'

2020-11-30 16:50:26 - [MESSAGE][PASSED] - Text 'TEST' is set on object 'Object Repository/Login Page/UserIDTextbox'

2020-11-30 16:50:26 - [TEST_STEP][PASSED] - setText(findTestObject("Login Page/PasswordTextbox"), "testing"): Text 'testing' is set on object 'Object Repository/Login Page/PasswordTextbox'

2020-11-30 16:50:27 - [MESSAGE][PASSED] - Text 'testing' is set on object 'Object Repository/Login Page/PasswordTextbox'

2020-11-30 16:50:27 - [TEST_STEP][PASSED] - click(findTestObject("Login Page/LoginButton")): Object: 'Object Repository/Login Page/LoginButton' is clicked on

2020-11-30 16:50:27 - [MESSAGE][PASSED] - Object: 'Object Repository/Login Page/LoginButton' is clicked on

2020-11-30 16:50:27 - [TEST_STEP][PASSED] - verifyTextPresent("You entered invalid credentials. Please try again. If you forgot your password, please contact: CourtForms@ao.uscourts.gov", false): Text 'You entered invalid credentials. Please try again. If you forgot your password, please contact: CourtForms@ao.uscourts.gov' is present on page 

2020-11-30 16:50:27 - [MESSAGE][PASSED] - Text 'You entered invalid credentials. Please try again. If you forgot your password, please contact: CourtForms@ao.uscourts.gov' is present on page 

2020-11-30 16:50:27 - [TEST_STEP][PASSED] - waitForPageLoad(10): Wait for page load successfully

2020-11-30 16:50:27 - [MESSAGE][PASSED] - Wait for page load successfully

2020-11-30 16:50:27 - [TEST_STEP][PASSED] - maximizeWindow(): Current window maximized

2020-11-30 16:50:27 - [MESSAGE][PASSED] - Current window maximized

2020-11-30 16:50:27 - [TEST_STEP][PASSED] - takeScreenshot("C:/Katalon/KatalonGitTestRepo1/Reports/Screenshots/LoginPageErrorMessage.png"): Taking screenshot successfully

2020-11-30 16:50:28 - [MESSAGE][PASSED] - Taking screenshot successfully
[[ATTACHMENT|C:\\Katalon\\KatalonGitTestRepo1\\Reports\\20201130_165011\\SEF Test Suite-1\\20201130_165012\\C:/Katalon/KatalonGitTestRepo1/Reports/Screenshots/LoginPageErrorMessage.png]]

2020-11-30 16:50:28 - [TEST_STEP][PASSED] - closeBrowser(): Browser is closed

2020-11-30 16:50:29 - [MESSAGE][PASSED] - Browser is closed]]></system-out>
         <system-err><![CDATA[]]></system-err>
      </testcase>
      <testcase name="Test Cases/Home Page Test Case" time="21.345" classname="Test Cases/Home Page Test Case" status="PASSED">
         <system-out><![CDATA[2020-11-30 16:50:29 - [TEST_CASE][PASSED] - Test Cases/Home Page Test Case: Test Cases/Home Page Test Case

2020-11-30 16:50:29 - [TEST_STEP][PASSED] - callTestCase(findTestCase("Login page"), [:], STOP_ON_FAILURE): Call Test Case 'Test Cases/Login page' successfully

2020-11-30 16:50:29 - [TEST_CASE][PASSED] - Test Cases/Login page: Test Cases/Login page

2020-11-30 16:50:29 - [TEST_STEP][PASSED] - openBrowser("http://sefdev.jdc.ao.dcn:8181/sef/#/login"): Browser is opened with url: 'http://sefdev.jdc.ao.dcn:8181/sef/#/login'

2020-11-30 16:50:29 - [MESSAGE][INFO] - Starting 'Chrome' driver

2020-11-30 16:50:29 - [MESSAGE][INFO] - User set preference: ['useAutomationExtension', 'false']

2020-11-30 16:50:29 - [MESSAGE][INFO] - Action delay is set to 0 milliseconds

2020-11-30 16:50:36 - [MESSAGE][PASSED] - Browser is opened with url: 'http://sefdev.jdc.ao.dcn:8181/sef/#/login'

2020-11-30 16:50:36 - [TEST_STEP][PASSED] - setText(findTestObject("Login Page/UserIDTextbox"), "SEFA"): Text 'SEFA' is set on object 'Object Repository/Login Page/UserIDTextbox'

2020-11-30 16:50:37 - [MESSAGE][PASSED] - Text 'SEFA' is set on object 'Object Repository/Login Page/UserIDTextbox'

2020-11-30 16:50:37 - [TEST_STEP][PASSED] - setText(findTestObject("Login Page/PasswordTextbox"), "automation"): Text 'automation' is set on object 'Object Repository/Login Page/PasswordTextbox'

2020-11-30 16:50:37 - [MESSAGE][PASSED] - Text 'automation' is set on object 'Object Repository/Login Page/PasswordTextbox'

2020-11-30 16:50:37 - [TEST_STEP][PASSED] - click(findTestObject("Login Page/LoginButton")): Object: 'Object Repository/Login Page/LoginButton' is clicked on

2020-11-30 16:50:38 - [MESSAGE][PASSED] - Object: 'Object Repository/Login Page/LoginButton' is clicked on

2020-11-30 16:50:38 - [TEST_STEP][PASSED] - waitForPageLoad(10): Wait for page load successfully

2020-11-30 16:50:38 - [MESSAGE][PASSED] - Wait for page load successfully

2020-11-30 16:50:38 - [TEST_STEP][PASSED] - takeScreenshot("C:/Katalon/KatalonGitTestRepo1/Reports/Screenshots/Login_Page.png"): Taking screenshot successfully

2020-11-30 16:50:38 - [MESSAGE][PASSED] - Taking screenshot successfully
[[ATTACHMENT|C:\\Katalon\\KatalonGitTestRepo1\\Reports\\20201130_165011\\SEF Test Suite-1\\20201130_165012\\C:/Katalon/KatalonGitTestRepo1/Reports/Screenshots/Login_Page.png]]

2020-11-30 16:50:38 - [MESSAGE][PASSED] - Call Test Case 'Test Cases/Login page' successfully

2020-11-30 16:50:38 - [TEST_STEP][PASSED] - verifyElementText(findTestObject("Object Repository/Home Page/SEF Title"), "Statistics Electronic Forms (SEF)", CONTINUE_ON_FAILURE): Actual text and expected text of test object 'Object Repository/Home Page/SEF Title' are matched.

2020-11-30 16:50:38 - [MESSAGE][PASSED] - Actual text and expected text of test object 'Object Repository/Home Page/SEF Title' are matched.

2020-11-30 16:50:38 - [TEST_STEP][PASSED] - waitForPageLoad(10): Wait for page load successfully

2020-11-30 16:50:38 - [MESSAGE][PASSED] - Wait for page load successfully

2020-11-30 16:50:38 - [TEST_STEP][PASSED] - takeScreenshot("C:/Katalon/KatalonGitTestRepo1/Reports/Screenshots/Homepage.png"): Taking screenshot successfully

2020-11-30 16:50:39 - [MESSAGE][PASSED] - Taking screenshot successfully
[[ATTACHMENT|C:\\Katalon\\KatalonGitTestRepo1\\Reports\\20201130_165011\\SEF Test Suite-1\\20201130_165012\\C:/Katalon/KatalonGitTestRepo1/Reports/Screenshots/Homepage.png]]

2020-11-30 16:50:39 - [TEST_STEP][PASSED] - verifyElementText(findTestObject("Object Repository/Home Page/Court of Appeals/Court of Appeals"), "Courts of Appeals"): Actual text and expected text of test object 'Object Repository/Home Page/Court of Appeals/Court of Appeals' are matched.

2020-11-30 16:50:39 - [MESSAGE][PASSED] - Actual text and expected text of test object 'Object Repository/Home Page/Court of Appeals/Court of Appeals' are matched.

2020-11-30 16:50:39 - [TEST_STEP][PASSED] - click(findTestObject("Object Repository/Home Page/Help Link")): Object: 'Object Repository/Home Page/Help Link' is clicked on

2020-11-30 16:50:39 - [MESSAGE][PASSED] - Object: 'Object Repository/Home Page/Help Link' is clicked on

2020-11-30 16:50:39 - [TEST_STEP][PASSED] - click(findTestObject("Object Repository/Home Page/Blank Worksheet/JS-11")): Object: 'Object Repository/Home Page/Blank Worksheet/JS-11' is clicked on

2020-11-30 16:50:39 - [MESSAGE][PASSED] - Object: 'Object Repository/Home Page/Blank Worksheet/JS-11' is clicked on

2020-11-30 16:50:39 - [TEST_STEP][PASSED] - click(findTestObject("Object Repository/Home Page/Blank Worksheet/JS-11G")): Object: 'Object Repository/Home Page/Blank Worksheet/JS-11G' is clicked on

2020-11-30 16:50:40 - [MESSAGE][PASSED] - Object: 'Object Repository/Home Page/Blank Worksheet/JS-11G' is clicked on

2020-11-30 16:50:40 - [TEST_STEP][PASSED] - click(findTestObject("Object Repository/Home Page/Blank Worksheet/JS-30")): Object: 'Object Repository/Home Page/Blank Worksheet/JS-30' is clicked on

2020-11-30 16:50:40 - [MESSAGE][PASSED] - Object: 'Object Repository/Home Page/Blank Worksheet/JS-30' is clicked on

2020-11-30 16:50:40 - [TEST_STEP][PASSED] - click(findTestObject("Object Repository/Home Page/Blank Worksheet/JS-31")): Object: 'Object Repository/Home Page/Blank Worksheet/JS-31' is clicked on

2020-11-30 16:50:41 - [MESSAGE][PASSED] - Object: 'Object Repository/Home Page/Blank Worksheet/JS-31' is clicked on

2020-11-30 16:50:41 - [TEST_STEP][PASSED] - click(findTestObject("Object Repository/Home Page/Blank Worksheet/JS-46")): Object: 'Object Repository/Home Page/Blank Worksheet/JS-46' is clicked on

2020-11-30 16:50:41 - [MESSAGE][PASSED] - Object: 'Object Repository/Home Page/Blank Worksheet/JS-46' is clicked on

2020-11-30 16:50:41 - [TEST_STEP][PASSED] - click(findTestObject("Object Repository/Home Page/Blank Worksheet/B-102")): Object: 'Object Repository/Home Page/Blank Worksheet/B-102' is clicked on

2020-11-30 16:50:42 - [MESSAGE][PASSED] - Object: 'Object Repository/Home Page/Blank Worksheet/B-102' is clicked on

2020-11-30 16:50:42 - [TEST_STEP][PASSED] - click(findTestObject("Home Page/Court of Appeals/Appeals Monthly Summary (JS-30)")): Object: 'Object Repository/Home Page/Court of Appeals/Appeals Monthly Summary (JS-30)' is clicked on

2020-11-30 16:50:42 - [MESSAGE][PASSED] - Object: 'Object Repository/Home Page/Court of Appeals/Appeals Monthly Summary (JS-30)' is clicked on

2020-11-30 16:50:42 - [TEST_STEP][PASSED] - click(findTestObject("Object Repository/Home Page/Court of Appeals/Home icon")): Object: 'Object Repository/Home Page/Court of Appeals/Home icon' is clicked on

2020-11-30 16:50:43 - [MESSAGE][PASSED] - Object: 'Object Repository/Home Page/Court of Appeals/Home icon' is clicked on

2020-11-30 16:50:43 - [TEST_STEP][PASSED] - click(findTestObject("Home Page/Court of Appeals/Writs of Certiorari (JS-31)")): Object: 'Object Repository/Home Page/Court of Appeals/Writs of Certiorari (JS-31)' is clicked on

2020-11-30 16:50:43 - [MESSAGE][PASSED] - Object: 'Object Repository/Home Page/Court of Appeals/Writs of Certiorari (JS-31)' is clicked on

2020-11-30 16:50:43 - [TEST_STEP][PASSED] - click(findTestObject("Object Repository/Home Page/Court of Appeals/Home icon")): Object: 'Object Repository/Home Page/Court of Appeals/Home icon' is clicked on

2020-11-30 16:50:44 - [MESSAGE][PASSED] - Object: 'Object Repository/Home Page/Court of Appeals/Home icon' is clicked on

2020-11-30 16:50:44 - [TEST_STEP][PASSED] - click(findTestObject("Home Page/Court of Appeals/Report on Complaint Under Title 28 USC Section 351-364 (JS-60)")): Object: 'Object Repository/Home Page/Court of Appeals/Report on Complaint Under Title 28 USC Section 351-364 (JS-60)' is clicked on

2020-11-30 16:50:45 - [MESSAGE][PASSED] - Object: 'Object Repository/Home Page/Court of Appeals/Report on Complaint Under Title 28 USC Section 351-364 (JS-60)' is clicked on

2020-11-30 16:50:45 - [TEST_STEP][PASSED] - click(findTestObject("Object Repository/Home Page/Court of Appeals/Home icon")): Object: 'Object Repository/Home Page/Court of Appeals/Home icon' is clicked on

2020-11-30 16:50:45 - [MESSAGE][PASSED] - Object: 'Object Repository/Home Page/Court of Appeals/Home icon' is clicked on

2020-11-30 16:50:45 - [TEST_STEP][PASSED] - click(findTestObject("Home Page/District Courts/District Courts- Petit Jury (JS-11)")): Object: 'Object Repository/Home Page/District Courts/District Courts- Petit Jury (JS-11)' is clicked on

2020-11-30 16:50:45 - [MESSAGE][PASSED] - Object: 'Object Repository/Home Page/District Courts/District Courts- Petit Jury (JS-11)' is clicked on

2020-11-30 16:50:45 - [TEST_STEP][PASSED] - click(findTestObject("Object Repository/Home Page/Court of Appeals/Home icon")): Object: 'Object Repository/Home Page/Court of Appeals/Home icon' is clicked on

2020-11-30 16:50:45 - [MESSAGE][PASSED] - Object: 'Object Repository/Home Page/Court of Appeals/Home icon' is clicked on

2020-11-30 16:50:45 - [TEST_STEP][PASSED] - click(findTestObject("Home Page/District Courts/District Courts- Grand Jury (JS-11G)")): Object: 'Object Repository/Home Page/District Courts/District Courts- Grand Jury (JS-11G)' is clicked on

2020-11-30 16:50:46 - [MESSAGE][PASSED] - Object: 'Object Repository/Home Page/District Courts/District Courts- Grand Jury (JS-11G)' is clicked on

2020-11-30 16:50:46 - [TEST_STEP][PASSED] - click(findTestObject("Object Repository/Home Page/Court of Appeals/Home icon")): Object: 'Object Repository/Home Page/Court of Appeals/Home icon' is clicked on

2020-11-30 16:50:46 - [MESSAGE][PASSED] - Object: 'Object Repository/Home Page/Court of Appeals/Home icon' is clicked on

2020-11-30 16:50:46 - [TEST_STEP][PASSED] - click(findTestObject("Home Page/District Courts/District Courts- Three-Judge Court (JS-46)")): Object: 'Object Repository/Home Page/District Courts/District Courts- Three-Judge Court (JS-46)' is clicked on

2020-11-30 16:50:46 - [MESSAGE][PASSED] - Object: 'Object Repository/Home Page/District Courts/District Courts- Three-Judge Court (JS-46)' is clicked on

2020-11-30 16:50:46 - [TEST_STEP][PASSED] - click(findTestObject("Object Repository/Home Page/Court of Appeals/Home icon")): Object: 'Object Repository/Home Page/Court of Appeals/Home icon' is clicked on

2020-11-30 16:50:46 - [MESSAGE][PASSED] - Object: 'Object Repository/Home Page/Court of Appeals/Home icon' is clicked on

2020-11-30 16:50:46 - [TEST_STEP][PASSED] - click(findTestObject("Home Page/Bankruptcy/Bankruptcy Court Trials (B-102)")): Object: 'Object Repository/Home Page/Bankruptcy/Bankruptcy Court Trials (B-102)' is clicked on

2020-11-30 16:50:46 - [MESSAGE][PASSED] - Object: 'Object Repository/Home Page/Bankruptcy/Bankruptcy Court Trials (B-102)' is clicked on

2020-11-30 16:50:46 - [TEST_STEP][PASSED] - click(findTestObject("Object Repository/Home Page/Court of Appeals/Home icon")): Object: 'Object Repository/Home Page/Court of Appeals/Home icon' is clicked on

2020-11-30 16:50:47 - [MESSAGE][PASSED] - Object: 'Object Repository/Home Page/Court of Appeals/Home icon' is clicked on

2020-11-30 16:50:47 - [TEST_STEP][PASSED] - click(findTestObject("Object Repository/Home Page/User Administration Link")): Object: 'Object Repository/Home Page/User Administration Link' is clicked on

2020-11-30 16:50:47 - [MESSAGE][PASSED] - Object: 'Object Repository/Home Page/User Administration Link' is clicked on

2020-11-30 16:50:47 - [TEST_STEP][PASSED] - takeScreenshot("C:/Katalon/KatalonGitTestRepo1/Reports/Screenshots/UserAdminPage.png"): Taking screenshot successfully

2020-11-30 16:50:47 - [MESSAGE][PASSED] - Taking screenshot successfully
[[ATTACHMENT|C:\\Katalon\\KatalonGitTestRepo1\\Reports\\20201130_165011\\SEF Test Suite-1\\20201130_165012\\C:/Katalon/KatalonGitTestRepo1/Reports/Screenshots/UserAdminPage.png]]

2020-11-30 16:50:47 - [TEST_STEP][PASSED] - click(findTestObject("Object Repository/Home Page/Print")): Object: 'Object Repository/Home Page/Print' is clicked on

2020-11-30 16:50:48 - [MESSAGE][PASSED] - Object: 'Object Repository/Home Page/Print' is clicked on

2020-11-30 16:50:48 - [TEST_STEP][PASSED] - click(findTestObject("Object Repository/Home Page/Footer Link")): Object: 'Object Repository/Home Page/Footer Link' is clicked on

2020-11-30 16:50:48 - [MESSAGE][PASSED] - Object: 'Object Repository/Home Page/Footer Link' is clicked on

2020-11-30 16:50:48 - [TEST_STEP][PASSED] - click(findTestObject("Object Repository/Home Page/Logout Link")): Object: 'Object Repository/Home Page/Logout Link' is clicked on

2020-11-30 16:50:48 - [MESSAGE][PASSED] - Object: 'Object Repository/Home Page/Logout Link' is clicked on

2020-11-30 16:50:48 - [TEST_STEP][PASSED] - closeBrowser(): Browser is closed

2020-11-30 16:50:50 - [MESSAGE][PASSED] - Browser is closed]]></system-out>
         <system-err><![CDATA[]]></system-err>
      </testcase>
      <system-out><![CDATA[2020-11-30 16:50:15 - [TEST_SUITE][PASSED] - SEF Test Suite-1: Test Cases/Home Page Test Case]]></system-out>
      <system-err><![CDATA[]]></system-err>
   </testsuite>
</testsuites>
